<?xml version="1.0" encoding="UTF-8"?>
<!-- Generated by org.testng.reporters.JUnitXMLReporter -->
<testsuite hostname="admin-PC" ignored="2"
	name="Verify addition and multiplication of  2 numbers" tests="2"
	failures="1" timestamp="03 Jul 2018 06:23:01 GMT" time="0.071" errors="0">
	<testcase name="Addition" time="0.019" classname="Temp.Maths1" />
	<testcase name="Multiplication" time="0.004" classname="Temp.Maths2">
		<failure type="java.lang.AssertionError" message="expected [10.0] but found [100.0]">
      <![CDATA[java.lang.AssertionError: expected [10.0] but found [100.0]
	at Temp.Maths2.Multiplication(Maths2.java:13)
... Removed 30 stack frames]]>
		</failure>
	</testcase> <!-- Multiplication -->
	<testcase name="Substraction" time="0.0" classname="Temp.Maths1">
		<ignored />
	</testcase> <!-- Substraction -->
	<testcase name="Division" time="0.0" classname="Temp.Maths2">
		<ignored />
	</testcase> <!-- Division -->
</testsuite> <!-- Verify addition and multiplication of 2 numbers -->
