<?xml version="1.0" encoding="UTF-8"?>
<!-- Generated by org.testng.reporters.JUnitXMLReporter -->
<testsuite hostname="admin-PC" ignored="2"
	name="Verify addtion, substraction and multiplication of 2 numbers"
	tests="2" failures="0" timestamp="03 Jul 2018 06:23:01 GMT" time="0.012"
	errors="0">
	<testcase name="Substraction" time="0.002" classname="Temp.Maths1" />
	<testcase name="Division" time="0.003" classname="Temp.Maths2" />
	<testcase name="Multiplication" time="0.0" classname="Temp.Maths2">
		<ignored />
	</testcase> <!-- Multiplication -->
	<testcase name="Addition" time="0.0" classname="Temp.Maths1">
		<ignored />
	</testcase> <!-- Addition -->
</testsuite> <!-- Verify addtion, substraction and multiplication of 2 numbers -->
