<?xml version="1.0" encoding="UTF-8"?>
<!-- Generated by org.testng.reporters.JUnitXMLReporter -->
<testsuite hostname="admin-PC" ignored="0"
	name="Verify addition and multiplication of  2 numberws" tests="2"
	failures="1" timestamp="03 Jul 2018 05:34:51 GMT" time="3.785" errors="0">
	<testcase name="Addition" time="2.485" classname="Temp.Maths1" />
	<testcase name="Multiplication" time="0.007" classname="Temp.Maths2">
		<failure type="java.lang.AssertionError" message="expected [10.0] but found [100.0]">
      <![CDATA[java.lang.AssertionError: expected [10.0] but found [100.0]
	at Temp.Maths2.Multiplication(Maths2.java:13)
... Removed 30 stack frames]]>
		</failure>
	</testcase> <!-- Multiplication -->
</testsuite> <!-- Verify addition and multiplication of 2 numberws -->
