<?xml version="1.0" encoding="UTF-8"?>
<!-- Generated by org.testng.reporters.JUnitXMLReporter -->
<testsuite hostname="admin-PC" ignored="0"
	name="TC82: Verify Authentication process of a finsys user having role of either CFO"
	tests="2" failures="0" timestamp="10 Jul 2018 05:21:37 GMT" time="13.087"
	errors="0">
	<testcase name="ExecuteLaunchApplication" time="8.91"
		classname="ej.finsys.modules.LaunchApplication" />
	<testcase name="ExecuteLoginToApplication" time="3.463"
		classname="ej.finsys.modules.LoginToApplication" />
</testsuite> <!-- TC82: Verify Authentication process of a finsys user having role of 
	either CFO -->
