<?xml version="1.0" encoding="UTF-8"?>
<!-- Generated by org.testng.reporters.JUnitXMLReporter -->
<testsuite hostname="admin-PC" ignored="0"
	name="Verify Authentication process of a finsys user having role of either ABM"
	tests="2" failures="1" timestamp="11 Jul 2018 08:53:43 GMT" time="53.588"
	errors="0">
	<testcase name="ExecuteLaunchApplication" time="49.478"
		classname="ej.finsys.modules.LaunchApplication" />
	<testcase name="ExecuteLoginToApplication" time="3.467"
		classname="ej.finsys.modules.LoginToApplication">
		<failure type="java.lang.AssertionError" message="expected [true] but found [false]">
      <![CDATA[java.lang.AssertionError: expected [true] but found [false]
	at ej.finsys.modules.LoginToApplication.ExecuteLoginToApplication(LoginToApplication.java:54)
... Removed 31 stack frames]]>
		</failure>
	</testcase> <!-- ExecuteLoginToApplication -->
</testsuite> <!-- Verify Authentication process of a finsys user having role of either 
	ABM -->
