<?xml version="1.0" encoding="UTF-8"?>
<!-- Generated by org.testng.reporters.JUnitXMLReporter -->
<testsuite hostname="admin-PC" ignored="1" name="Verify of Deletion of a Company whose revenue and expense related information is available" tests="10" failures="10" timestamp="24 Jul 2018 17:07:14 GMT" time="11.331" errors="0">
  <testcase name="@AfterTest ExecuteCloseApplication" time="0.0" classname="ej.finsys.modules.CloseApplication">
    <failure type="java.lang.NullPointerException">
      <![CDATA[java.lang.NullPointerException
	at ej.finsys.modules.CloseApplication.ExecuteCloseApplication(CloseApplication.java:14)
... Removed 23 stack frames]]>
    </failure>
  </testcase> <!-- @AfterTest ExecuteCloseApplication -->
  <testcase name="ExecuteLaunchApplication" time="0.031" classname="ej.finsys.modules.LaunchApplication">
    <failure type="java.lang.AssertionError" message="expected [true] but found [false]">
      <![CDATA[java.lang.AssertionError: expected [true] but found [false]
	at ej.finsys.modules.LaunchApplication.ExecuteLaunchApplication(LaunchApplication.java:117)
... Removed 31 stack frames]]>
    </failure>
  </testcase> <!-- ExecuteLaunchApplication -->
  <testcase name="ExecuteLoginToApplication" time="1.012" classname="ej.finsys.modules.LoginToApplication">
    <failure type="java.lang.AssertionError" message="expected [false] but found [true]">
      <![CDATA[java.lang.AssertionError: expected [false] but found [true]
	at ej.finsys.modules.LoginToApplication.ExecuteLoginToApplication(LoginToApplication.java:60)
... Removed 31 stack frames]]>
    </failure>
  </testcase> <!-- ExecuteLoginToApplication -->
  <testcase name="ExecuteNavigateTo" time="2.025" classname="ej.finsys.modules.NavigateTo">
    <failure type="java.lang.NullPointerException">
      <![CDATA[java.lang.NullPointerException
	at ej.finsys.pages.Home.SwitchBackToHomePage(Home.java:120)
	at ej.finsys.modules.NavigateTo.ExecuteNavigateTo(NavigateTo.java:54)
... Removed 25 stack frames]]>
    </failure>
  </testcase> <!-- ExecuteNavigateTo -->
  <testcase name="executeCreateNewCompany" time="2.044" classname="ej.finsys.modules.CreateNewCompany">
    <failure type="java.lang.AssertionError" message="expected [true] but found [false]">
      <![CDATA[java.lang.AssertionError: expected [true] but found [false]
	at ej.finsys.modules.CreateNewCompany.executeCreateNewCompany(CreateNewCompany.java:111)
... Removed 31 stack frames]]>
    </failure>
  </testcase> <!-- executeCreateNewCompany -->
  <testcase name="ExecuteNavigateToLeasehold" time="2.01" classname="ej.finsys.modules.NavigateToLeasehold">
    <failure type="java.lang.AssertionError" message="expected [true] but found [false]">
      <![CDATA[java.lang.AssertionError: expected [true] but found [false]
	at ej.finsys.modules.NavigateToLeasehold.ExecuteNavigateToLeasehold(NavigateToLeasehold.java:57)
... Removed 31 stack frames]]>
    </failure>
  </testcase> <!-- ExecuteNavigateToLeasehold -->
  <testcase name="ExecuteCreateLeasehold" time="3.063" classname="ej.finsys.modules.CreateLeasehold">
    <failure type="java.lang.AssertionError" message="expected [true] but found [false]">
      <![CDATA[java.lang.AssertionError: expected [true] but found [false]
	at ej.finsys.modules.CreateLeasehold.ExecuteCreateLeasehold(CreateLeasehold.java:57)
... Removed 31 stack frames]]>
    </failure>
  </testcase> <!-- ExecuteCreateLeasehold -->
  <testcase name="SwitchBackToHomePage" time="0.0" classname="ej.finsys.pages.Home">
    <failure type="java.lang.NullPointerException">
      <![CDATA[java.lang.NullPointerException
	at ej.finsys.pages.Home.SwitchBackToHomePage(Home.java:120)
... Removed 25 stack frames]]>
    </failure>
  </testcase> <!-- SwitchBackToHomePage -->
  <testcase name="ClickManageCompany" time="0.063" classname="ej.finsys.pages.Home">
    <failure type="java.lang.NullPointerException">
      <![CDATA[java.lang.NullPointerException
	at ej.finsys.pages.Home.WaitTillObjectExists(Home.java:31)
	at ej.finsys.pages.Home.ClickManageCompany(Home.java:75)
... Removed 25 stack frames]]>
    </failure>
  </testcase> <!-- ClickManageCompany -->
  <testcase name="SwitchToCompanyFrame" time="0.0" classname="ej.finsys.pages.Home">
    <failure type="java.lang.NullPointerException">
      <![CDATA[java.lang.NullPointerException
	at ej.finsys.pages.Home.SwitchToCompanyFrame(Home.java:88)
... Removed 25 stack frames]]>
    </failure>
  </testcase> <!-- SwitchToCompanyFrame -->
  <testcase name="ExecuteDeleteCompany" time="1.004" classname="ej.finsys.modules.DeleteCompany">
    <failure type="java.lang.AssertionError" message="expected [true] but found [false]">
      <![CDATA[java.lang.AssertionError: expected [true] but found [false]
	at ej.finsys.modules.DeleteCompany.ExecuteDeleteCompany(DeleteCompany.java:49)
... Removed 31 stack frames]]>
    </failure>
  </testcase> <!-- ExecuteDeleteCompany -->
  <testcase name="ClickLeaseholdImprovement" time="0.0" classname="ej.finsys.pages.Home">
    <ignored/>
  </testcase> <!-- ClickLeaseholdImprovement -->
</testsuite> <!-- Verify of Deletion of a Company whose revenue and expense related information is available -->
