<?xml version="1.0" encoding="UTF-8"?>
<!-- Generated by org.testng.reporters.JUnitXMLReporter -->
<testsuite hostname="admin-PC" ignored="0"
	name="Verify Authentication process of a finsys user having role of either CFO/FM/COH/RM/ITM/ABM"
	tests="3" failures="1" timestamp="03 Jul 2018 12:11:20 GMT" time="13.828"
	errors="0">
	<testcase name="ExecuteLaunchApplication" time="10.273"
		classname="ej.finsys.modules.LaunchApplication" />
	<testcase name="ExecuteLoginToApplication" time="3.483"
		classname="ej.finsys.modules.LoginToApplication" />
	<testcase name="CheckIfHomePageIsLoadedWithRole" time="0.029"
		classname="ej.finsys.pages.Home">
		<failure type="java.lang.AssertionError" message="expected [true] but found [false]">
      <![CDATA[java.lang.AssertionError: expected [true] but found [false]
	at ej.finsys.pages.Home.CheckIfHomePageIsLoadedWithRole(Home.java:110)
... Removed 31 stack frames]]>
		</failure>
	</testcase> <!-- CheckIfHomePageIsLoadedWithRole -->
</testsuite> <!-- Verify Authentication process of a finsys user having role of either 
	CFO/FM/COH/RM/ITM/ABM -->
