<?xml version="1.0" encoding="UTF-8"?>
<!-- Generated by org.testng.reporters.JUnitXMLReporter -->
<testsuite hostname="admin-PC" ignored="0"
	name="Verify Authentication process of a finsys user having role of either FM"
	tests="2" failures="0" timestamp="11 Jul 2018 08:50:35 GMT" time="53.545"
	errors="0">
	<testcase name="ExecuteLaunchApplication" time="48.591"
		classname="ej.finsys.modules.LaunchApplication" />
	<testcase name="ExecuteLoginToApplication" time="4.03"
		classname="ej.finsys.modules.LoginToApplication" />
</testsuite> <!-- Verify Authentication process of a finsys user having role of either 
	FM -->
