<?xml version="1.0" encoding="UTF-8"?>
<!-- Generated by org.testng.reporters.JUnitXMLReporter -->
<testsuite hostname="admin-PC" ignored="0" name="Verify updated details of the Company are properly reflecting on View Company Page" tests="5" failures="5" timestamp="24 Jul 2018 17:06:56 GMT" time="5.155" errors="0">
  <testcase name="@AfterTest ExecuteCloseApplication" time="0.0" classname="ej.finsys.modules.CloseApplication">
    <failure type="java.lang.NullPointerException">
      <![CDATA[java.lang.NullPointerException
	at ej.finsys.modules.CloseApplication.ExecuteCloseApplication(CloseApplication.java:14)
... Removed 23 stack frames]]>
    </failure>
  </testcase> <!-- @AfterTest ExecuteCloseApplication -->
  <testcase name="ExecuteLaunchApplication" time="0.0" classname="ej.finsys.modules.LaunchApplication">
    <failure type="java.lang.AssertionError" message="expected [true] but found [false]">
      <![CDATA[java.lang.AssertionError: expected [true] but found [false]
	at ej.finsys.modules.LaunchApplication.ExecuteLaunchApplication(LaunchApplication.java:117)
... Removed 31 stack frames]]>
    </failure>
  </testcase> <!-- ExecuteLaunchApplication -->
  <testcase name="ExecuteLoginToApplication" time="1.001" classname="ej.finsys.modules.LoginToApplication">
    <failure type="java.lang.AssertionError" message="expected [false] but found [true]">
      <![CDATA[java.lang.AssertionError: expected [false] but found [true]
	at ej.finsys.modules.LoginToApplication.ExecuteLoginToApplication(LoginToApplication.java:60)
... Removed 31 stack frames]]>
    </failure>
  </testcase> <!-- ExecuteLoginToApplication -->
  <testcase name="ExecuteNavigateTo" time="2.016" classname="ej.finsys.modules.NavigateTo">
    <failure type="java.lang.NullPointerException">
      <![CDATA[java.lang.NullPointerException
	at ej.finsys.pages.Home.SwitchBackToHomePage(Home.java:120)
	at ej.finsys.modules.NavigateTo.ExecuteNavigateTo(NavigateTo.java:54)
... Removed 25 stack frames]]>
    </failure>
  </testcase> <!-- ExecuteNavigateTo -->
  <testcase name="executeCreateNewCompany" time="2.039" classname="ej.finsys.modules.CreateNewCompany">
    <failure type="java.lang.AssertionError" message="expected [true] but found [false]">
      <![CDATA[java.lang.AssertionError: expected [true] but found [false]
	at ej.finsys.modules.CreateNewCompany.executeCreateNewCompany(CreateNewCompany.java:111)
... Removed 31 stack frames]]>
    </failure>
  </testcase> <!-- executeCreateNewCompany -->
  <testcase name="ExecuteUpdateCompany" time="0.037" classname="ej.finsys.modules.UpdateCompany">
    <failure type="java.lang.AssertionError" message="expected [true] but found [false]">
      <![CDATA[java.lang.AssertionError: expected [true] but found [false]
	at ej.finsys.modules.UpdateCompany.ExecuteUpdateCompany(UpdateCompany.java:96)
... Removed 31 stack frames]]>
    </failure>
  </testcase> <!-- ExecuteUpdateCompany -->
</testsuite> <!-- Verify updated details of the Company are properly reflecting on View Company Page -->
