<?xml version="1.0" encoding="UTF-8"?>
<!-- Generated by org.testng.reporters.JUnitXMLReporter -->
<testsuite hostname="admin-PC" ignored="0"
	name="Verify Authentication process of a finsys user having role of either CFO"
	tests="2" failures="0" timestamp="11 Jul 2018 08:49:42 GMT" time="64.377"
	errors="0">
	<testcase name="ExecuteLaunchApplication" time="60.169"
		classname="ej.finsys.modules.LaunchApplication" />
	<testcase name="ExecuteLoginToApplication" time="3.493"
		classname="ej.finsys.modules.LoginToApplication" />
</testsuite> <!-- Verify Authentication process of a finsys user having role of either 
	CFO -->
