<?xml version="1.0" encoding="UTF-8"?>
<!-- Generated by org.testng.reporters.JUnitXMLReporter -->
<testsuite hostname="admin-PC" ignored="0" name="Verify Creation of a New Leasehold Improvements by passing all Valid Details" tests="6" failures="6" timestamp="24 Jul 2018 17:07:24 GMT" time="10.12" errors="0">
  <testcase name="@AfterTest ExecuteCloseApplication" time="0.0" classname="ej.finsys.modules.CloseApplication">
    <failure type="java.lang.NullPointerException">
      <![CDATA[java.lang.NullPointerException
	at ej.finsys.modules.CloseApplication.ExecuteCloseApplication(CloseApplication.java:14)
... Removed 23 stack frames]]>
    </failure>
  </testcase> <!-- @AfterTest ExecuteCloseApplication -->
  <testcase name="ExecuteLaunchApplication" time="0.0" classname="ej.finsys.modules.LaunchApplication">
    <failure type="java.lang.AssertionError" message="expected [true] but found [false]">
      <![CDATA[java.lang.AssertionError: expected [true] but found [false]
	at ej.finsys.modules.LaunchApplication.ExecuteLaunchApplication(LaunchApplication.java:117)
... Removed 31 stack frames]]>
    </failure>
  </testcase> <!-- ExecuteLaunchApplication -->
  <testcase name="ExecuteLoginToApplication" time="1.022" classname="ej.finsys.modules.LoginToApplication">
    <failure type="java.lang.AssertionError" message="expected [false] but found [true]">
      <![CDATA[java.lang.AssertionError: expected [false] but found [true]
	at ej.finsys.modules.LoginToApplication.ExecuteLoginToApplication(LoginToApplication.java:60)
... Removed 31 stack frames]]>
    </failure>
  </testcase> <!-- ExecuteLoginToApplication -->
  <testcase name="ExecuteNavigateTo" time="2.007" classname="ej.finsys.modules.NavigateTo">
    <failure type="java.lang.NullPointerException">
      <![CDATA[java.lang.NullPointerException
	at ej.finsys.pages.Home.SwitchBackToHomePage(Home.java:120)
	at ej.finsys.modules.NavigateTo.ExecuteNavigateTo(NavigateTo.java:54)
... Removed 25 stack frames]]>
    </failure>
  </testcase> <!-- ExecuteNavigateTo -->
  <testcase name="executeCreateNewCompany" time="2.042" classname="ej.finsys.modules.CreateNewCompany">
    <failure type="java.lang.AssertionError" message="expected [true] but found [false]">
      <![CDATA[java.lang.AssertionError: expected [true] but found [false]
	at ej.finsys.modules.CreateNewCompany.executeCreateNewCompany(CreateNewCompany.java:111)
... Removed 31 stack frames]]>
    </failure>
  </testcase> <!-- executeCreateNewCompany -->
  <testcase name="ExecuteNavigateToLeasehold" time="2.023" classname="ej.finsys.modules.NavigateToLeasehold">
    <failure type="java.lang.AssertionError" message="expected [true] but found [false]">
      <![CDATA[java.lang.AssertionError: expected [true] but found [false]
	at ej.finsys.modules.NavigateToLeasehold.ExecuteNavigateToLeasehold(NavigateToLeasehold.java:57)
... Removed 31 stack frames]]>
    </failure>
  </testcase> <!-- ExecuteNavigateToLeasehold -->
  <testcase name="ExecuteCreateLeasehold" time="3.01" classname="ej.finsys.modules.CreateLeasehold">
    <failure type="java.lang.AssertionError" message="expected [true] but found [false]">
      <![CDATA[java.lang.AssertionError: expected [true] but found [false]
	at ej.finsys.modules.CreateLeasehold.ExecuteCreateLeasehold(CreateLeasehold.java:57)
... Removed 31 stack frames]]>
    </failure>
  </testcase> <!-- ExecuteCreateLeasehold -->
</testsuite> <!-- Verify Creation of a New Leasehold Improvements by passing all Valid Details -->
