<?xml version="1.0" encoding="UTF-8"?>
<!-- Generated by org.testng.reporters.JUnitXMLReporter -->
<testsuite hostname="admin-PC" ignored="0"
	name="Verify addition, substraction, multiplicatioin and division of 2 numbers"
	tests="4" failures="1" timestamp="08 Jul 2018 13:04:43 GMT" time="0.1"
	errors="0">
	<testcase name="Addition" time="0.014" classname="Temp.Maths1" />
	<testcase name="Substraction" time="0.004" classname="Temp.Maths1" />
	<testcase name="Multiplication" time="0.004" classname="Temp.Maths2">
		<failure type="java.lang.AssertionError" message="expected [10.0] but found [100.0]">
      <![CDATA[java.lang.AssertionError: expected [10.0] but found [100.0]
	at Temp.Maths2.Multiplication(Maths2.java:13)
... Removed 30 stack frames]]>
		</failure>
	</testcase> <!-- Multiplication -->
	<testcase name="Division" time="0.002" classname="Temp.Maths2" />
</testsuite> <!-- Verify addition, substraction, multiplicatioin and division of 2 numbers -->
