<?xml version="1.0" encoding="UTF-8"?>
<!-- Generated by org.testng.reporters.JUnitXMLReporter -->
<testsuite hostname="admin-PC" ignored="0"
	name="Verify Authentication process of a finsys user having role of either RM"
	tests="2" failures="0" timestamp="11 Jul 2018 08:51:58 GMT" time="51.091"
	errors="0">
	<testcase name="ExecuteLaunchApplication" time="46.915"
		classname="ej.finsys.modules.LaunchApplication" />
	<testcase name="ExecuteLoginToApplication" time="3.452"
		classname="ej.finsys.modules.LoginToApplication" />
</testsuite> <!-- Verify Authentication process of a finsys user having role of either 
	RM -->
